{"C:\\Users\\matroskin\\Documents\\projects\\parimatch\\js_testing\\async\\async.js": {"path":"C:\\Users\\matroskin\\Documents\\projects\\parimatch\\js_testing\\async\\async.js","statementMap":{"0":{"start":{"line":1,"column":27},"end":{"line":1,"column":43}},"1":{"start":{"line":5,"column":4},"end":{"line":13,"column":7}},"2":{"start":{"line":6,"column":6},"end":{"line":12,"column":15}},"3":{"start":{"line":7,"column":8},"end":{"line":11,"column":9}},"4":{"start":{"line":8,"column":10},"end":{"line":8,"column":20}},"5":{"start":{"line":10,"column":10},"end":{"line":10,"column":37}},"6":{"start":{"line":16,"column":4},"end":{"line":21,"column":5}},"7":{"start":{"line":17,"column":18},"end":{"line":17,"column":79}},"8":{"start":{"line":18,"column":6},"end":{"line":18,"column":22}},"9":{"start":{"line":20,"column":6},"end":{"line":20,"column":31}},"10":{"start":{"line":25,"column":0},"end":{"line":25,"column":22}}},"fnMap":{"0":{"name":"(anonymous_0)","decl":{"start":{"line":4,"column":2},"end":{"line":4,"column":3}},"loc":{"start":{"line":4,"column":20},"end":{"line":14,"column":3}},"line":4},"1":{"name":"(anonymous_1)","decl":{"start":{"line":5,"column":23},"end":{"line":5,"column":24}},"loc":{"start":{"line":5,"column":40},"end":{"line":13,"column":5}},"line":5},"2":{"name":"(anonymous_2)","decl":{"start":{"line":6,"column":17},"end":{"line":6,"column":18}},"loc":{"start":{"line":6,"column":23},"end":{"line":12,"column":7}},"line":6},"3":{"name":"(anonymous_3)","decl":{"start":{"line":15,"column":2},"end":{"line":15,"column":3}},"loc":{"start":{"line":15,"column":21},"end":{"line":22,"column":3}},"line":15}},"branchMap":{"0":{"loc":{"start":{"line":7,"column":8},"end":{"line":11,"column":9}},"type":"if","locations":[{"start":{"line":7,"column":8},"end":{"line":11,"column":9}},{"start":{"line":7,"column":8},"end":{"line":11,"column":9}}],"line":7}},"s":{"0":1,"1":4,"2":4,"3":4,"4":3,"5":1,"6":2,"7":2,"8":2,"9":1,"10":1},"f":{"0":4,"1":4,"2":4,"3":2},"b":{"0":[3,1]},"_coverageSchema":"1a1c01bbd47fc00a2c39e90264f33305004495a9","hash":"9522aa8cb4ca994c33e731331025abd10a1c7f53"}
,"C:\\Users\\matroskin\\Documents\\projects\\parimatch\\js_testing\\intro\\intro.js": {"path":"C:\\Users\\matroskin\\Documents\\projects\\parimatch\\js_testing\\intro\\intro.js","statementMap":{"0":{"start":{"line":1,"column":12},"end":{"line":1,"column":27}},"1":{"start":{"line":1,"column":22},"end":{"line":1,"column":27}},"2":{"start":{"line":2,"column":19},"end":{"line":2,"column":29}},"3":{"start":{"line":2,"column":25},"end":{"line":2,"column":29}},"4":{"start":{"line":4,"column":0},"end":{"line":4,"column":37}}},"fnMap":{"0":{"name":"(anonymous_0)","decl":{"start":{"line":1,"column":12},"end":{"line":1,"column":13}},"loc":{"start":{"line":1,"column":22},"end":{"line":1,"column":27}},"line":1},"1":{"name":"(anonymous_1)","decl":{"start":{"line":2,"column":19},"end":{"line":2,"column":20}},"loc":{"start":{"line":2,"column":25},"end":{"line":2,"column":29}},"line":2}},"branchMap":{},"s":{"0":1,"1":7,"2":1,"3":6,"4":1},"f":{"0":7,"1":6},"b":{},"_coverageSchema":"1a1c01bbd47fc00a2c39e90264f33305004495a9","hash":"13c72cae13da757889aede3d3e9bbf5a77d10930"}
,"C:\\Users\\matroskin\\Documents\\projects\\parimatch\\js_testing\\mock\\mock.js": {"path":"C:\\Users\\matroskin\\Documents\\projects\\parimatch\\js_testing\\mock\\mock.js","statementMap":{"0":{"start":{"line":2,"column":17},"end":{"line":2,"column":19}},"1":{"start":{"line":3,"column":2},"end":{"line":5,"column":3}},"2":{"start":{"line":3,"column":15},"end":{"line":3,"column":16}},"3":{"start":{"line":4,"column":4},"end":{"line":4,"column":36}},"4":{"start":{"line":6,"column":2},"end":{"line":6,"column":16}},"5":{"start":{"line":9,"column":0},"end":{"line":9,"column":25}}},"fnMap":{"0":{"name":"map","decl":{"start":{"line":1,"column":9},"end":{"line":1,"column":12}},"loc":{"start":{"line":1,"column":30},"end":{"line":7,"column":1}},"line":1}},"branchMap":{},"s":{"0":5,"1":5,"2":5,"3":25,"4":5,"5":1},"f":{"0":5},"b":{},"_coverageSchema":"1a1c01bbd47fc00a2c39e90264f33305004495a9","hash":"9ec626ee9625bfd7be209179e3b7541148afafde"}
,"C:\\Users\\matroskin\\Documents\\projects\\parimatch\\js_testing\\sync\\sync.js": {"path":"C:\\Users\\matroskin\\Documents\\projects\\parimatch\\js_testing\\sync\\sync.js","statementMap":{"0":{"start":{"line":3,"column":4},"end":{"line":3,"column":38}},"1":{"start":{"line":3,"column":32},"end":{"line":3,"column":36}},"2":{"start":{"line":6,"column":4},"end":{"line":13,"column":11}},"3":{"start":{"line":7,"column":18},"end":{"line":7,"column":64}},"4":{"start":{"line":8,"column":6},"end":{"line":10,"column":7}},"5":{"start":{"line":9,"column":8},"end":{"line":9,"column":22}},"6":{"start":{"line":11,"column":6},"end":{"line":11,"column":23}},"7":{"start":{"line":12,"column":6},"end":{"line":12,"column":17}},"8":{"start":{"line":17,"column":0},"end":{"line":17,"column":24}}},"fnMap":{"0":{"name":"(anonymous_0)","decl":{"start":{"line":2,"column":2},"end":{"line":2,"column":3}},"loc":{"start":{"line":2,"column":17},"end":{"line":4,"column":3}},"line":2},"1":{"name":"(anonymous_1)","decl":{"start":{"line":3,"column":24},"end":{"line":3,"column":25}},"loc":{"start":{"line":3,"column":32},"end":{"line":3,"column":36}},"line":3},"2":{"name":"(anonymous_2)","decl":{"start":{"line":5,"column":2},"end":{"line":5,"column":3}},"loc":{"start":{"line":5,"column":23},"end":{"line":14,"column":3}},"line":5},"3":{"name":"(anonymous_3)","decl":{"start":{"line":6,"column":24},"end":{"line":6,"column":25}},"loc":{"start":{"line":6,"column":36},"end":{"line":13,"column":5}},"line":6}},"branchMap":{"0":{"loc":{"start":{"line":7,"column":18},"end":{"line":7,"column":64}},"type":"cond-expr","locations":[{"start":{"line":7,"column":47},"end":{"line":7,"column":54}},{"start":{"line":7,"column":57},"end":{"line":7,"column":64}}],"line":7},"1":{"loc":{"start":{"line":8,"column":6},"end":{"line":10,"column":7}},"type":"if","locations":[{"start":{"line":8,"column":6},"end":{"line":10,"column":7}},{"start":{"line":8,"column":6},"end":{"line":10,"column":7}}],"line":8}},"s":{"0":5,"1":35,"2":3,"3":7,"4":7,"5":5,"6":7,"7":7,"8":1},"f":{"0":5,"1":35,"2":3,"3":7},"b":{"0":[4,3],"1":[5,2]},"_coverageSchema":"1a1c01bbd47fc00a2c39e90264f33305004495a9","hash":"9ed77840d385b05f261609ea72340222f4f64f8c"}
}
