TN:
SF:async\async.js
FN:4,(anonymous_0)
FN:5,(anonymous_1)
FN:6,(anonymous_2)
FN:15,(anonymous_3)
FNF:4
FNH:4
FNDA:4,(anonymous_0)
FNDA:4,(anonymous_1)
FNDA:4,(anonymous_2)
FNDA:2,(anonymous_3)
DA:1,1
DA:5,4
DA:6,4
DA:7,4
DA:8,3
DA:10,1
DA:16,2
DA:17,2
DA:18,2
DA:20,1
DA:25,1
LF:11
LH:11
BRDA:7,0,0,3
BRDA:7,0,1,1
BRF:2
BRH:2
end_of_record
TN:
SF:intro\intro.js
FN:1,(anonymous_0)
FN:2,(anonymous_1)
FNF:2
FNH:2
FNDA:7,(anonymous_0)
FNDA:6,(anonymous_1)
DA:1,7
DA:2,6
DA:4,1
LF:3
LH:3
BRF:0
BRH:0
end_of_record
TN:
SF:mock\mock.js
FN:1,map
FNF:1
FNH:1
FNDA:5,map
DA:2,5
DA:3,5
DA:4,25
DA:6,5
DA:9,1
LF:5
LH:5
BRF:0
BRH:0
end_of_record
TN:
SF:sync\sync.js
FN:2,(anonymous_0)
FN:3,(anonymous_1)
FN:5,(anonymous_2)
FN:6,(anonymous_3)
FNF:4
FNH:4
FNDA:5,(anonymous_0)
FNDA:35,(anonymous_1)
FNDA:3,(anonymous_2)
FNDA:7,(anonymous_3)
DA:3,35
DA:6,3
DA:7,7
DA:8,7
DA:9,5
DA:11,7
DA:12,7
DA:17,1
LF:8
LH:8
BRDA:7,0,0,4
BRDA:7,0,1,3
BRDA:8,1,0,5
BRDA:8,1,1,2
BRF:4
BRH:4
end_of_record
